<?xml version="1.0" encoding="UTF-8"?>
<!-- Generated by org.testng.reporters.JUnitXMLReporter -->
<testsuite hostname="HH8LG22" ignored="0" name="Default test" tests="12" failures="0" timestamp="18 Mar 2019 10:59:02 GMT" time="146.618" errors="0">
  <testcase name="addExpenseDetailsAndVerifyIncomeLessthanExpense" time="10.912" classname="com.monefy.tests.ExpenseTest"/>
  <testcase name="addExpenseDetailsAndVerifyIncomeLessthanExpense" time="8.788" classname="com.monefy.tests.ExpenseTest"/>
  <testcase name="addExpenseDetailsAndVerifyIncomeLessthanExpense" time="9.969" classname="com.monefy.tests.ExpenseTest"/>
  <testcase name="addExpenseDetailsAndVerifyIncomeLessthanExpense" time="9.911" classname="com.monefy.tests.ExpenseTest"/>
  <testcase name="addExpenseDetailsAndVerifyIncomeLessthanExpense" time="12.95" classname="com.monefy.tests.ExpenseTest">
    <skipped/>
  </testcase> <!-- addExpenseDetailsAndVerifyIncomeLessthanExpense -->
  <testcase name="addExpenseDetailsAndVerifyIncomeLessthanExpense" time="8.979" classname="com.monefy.tests.ExpenseTest"/>
  <testcase name="addExpenseDetailsAndVerifyIncomeLessthanExpense" time="9.598" classname="com.monefy.tests.ExpenseTest"/>
  <testcase name="addExpenseDetailsAndVerifyIncomeLessthanExpense" time="9.821" classname="com.monefy.tests.ExpenseTest"/>
  <testcase name="addExpenseDetailsAndVerifyIncomeLessthanExpense" time="9.788" classname="com.monefy.tests.ExpenseTest"/>
  <testcase name="addExpenseDetailsAndVerifyIncomeLessthanExpense" time="9.355" classname="com.monefy.tests.ExpenseTest"/>
  <testcase name="addExpenseDetailsAndVerifyIncomeLessthanExpense" time="9.905" classname="com.monefy.tests.ExpenseTest"/>
  <testcase name="addExpenseDetailsAndVerifyIncomeLessthanExpense" time="9.401" classname="com.monefy.tests.ExpenseTest"/>
</testsuite> <!-- Default test -->
